<?xml version="1.0" encoding="UTF-8"?>
<testsuite xmlns:xsi="http://www.w3.org/2001/XMLSchema-instance" xsi:noNamespaceSchemaLocation="https://maven.apache.org/surefire/maven-surefire-plugin/xsd/surefire-test-report.xsd" name="mflix.api.daos.MigrationTest" time="17.777" tests="2" errors="0" skipped="0" failures="2">
  <properties>
[...]
</properties>
  <testcase name="testAllDocumentsIMDBRatingNumber" classname="mflix.api.daos.MigrationTest" time="6.319">
    <failure message="Should not find documents where `imdb.rating` is of not of `number` type expected:&lt;0&gt; but was:&lt;61&gt;" type="java.lang.AssertionError"><![CDATA[java.lang.AssertionError: Should not find documents where `imdb.rating` is of not of `number` type expected:<0> but was:<61>
	at mflix.api.daos.MigrationTest.testAllDocumentsIMDBRatingNumber(MigrationTest.java:42)
]]></failure>
    <system-out><![CDATA[2021-02-17 13:31:33.025  WARN 111302 --- [           main] org.mongodb.driver.uri                   : Uri option 'wtimeout' has been deprecated, use 'wtimeoutms' instead.
2021-02-17 13:31:33.026  INFO 111302 --- [           main] org.mongodb.driver.cluster               : Cluster created with settings {hosts=[mflix-shard-00-02.efevc.mongodb.net:27017, mflix-shard-00-01.efevc.mongodb.net:27017, mflix-shard-00-00.efevc.mongodb.net:27017], mode=MULTIPLE, requiredClusterType=REPLICA_SET, serverSelectionTimeout='30000 ms', maxWaitQueueSize=250, requiredReplicaSetName='atlas-bdeeuf-shard-0'}
2021-02-17 13:31:33.026  INFO 111302 --- [           main] org.mongodb.driver.cluster               : Adding discovered server mflix-shard-00-02.efevc.mongodb.net:27017 to client view of cluster
2021-02-17 13:31:33.031  INFO 111302 --- [           main] org.mongodb.driver.cluster               : Adding discovered server mflix-shard-00-01.efevc.mongodb.net:27017 to client view of cluster
2021-02-17 13:31:33.034  INFO 111302 --- [           main] org.mongodb.driver.cluster               : Adding discovered server mflix-shard-00-00.efevc.mongodb.net:27017 to client view of cluster
2021-02-17 13:31:33.039  INFO 111302 --- [           main] org.mongodb.driver.cluster               : No server chosen by com.mongodb.client.internal.MongoClientDelegate$1@76a7fcbd from cluster description ClusterDescription{type=REPLICA_SET, connectionMode=MULTIPLE, serverDescriptions=[ServerDescription{address=mflix-shard-00-02.efevc.mongodb.net:27017, type=UNKNOWN, state=CONNECTING}, ServerDescription{address=mflix-shard-00-00.efevc.mongodb.net:27017, type=UNKNOWN, state=CONNECTING}, ServerDescription{address=mflix-shard-00-01.efevc.mongodb.net:27017, type=UNKNOWN, state=CONNECTING}]}. Waiting for 30000 ms before timing out
2021-02-17 13:31:34.713  INFO 111302 --- [ngodb.net:27017] org.mongodb.driver.connection            : Opened connection [connectionId{localValue:5, serverValue:934810}] to mflix-shard-00-02.efevc.mongodb.net:27017
2021-02-17 13:31:34.770  INFO 111302 --- [ngodb.net:27017] org.mongodb.driver.connection            : Opened connection [connectionId{localValue:6, serverValue:990441}] to mflix-shard-00-01.efevc.mongodb.net:27017
2021-02-17 13:31:34.981  INFO 111302 --- [ngodb.net:27017] org.mongodb.driver.connection            : Opened connection [connectionId{localValue:7, serverValue:933165}] to mflix-shard-00-00.efevc.mongodb.net:27017
2021-02-17 13:31:35.183  INFO 111302 --- [ngodb.net:27017] org.mongodb.driver.cluster               : Monitor thread successfully connected to server with description ServerDescription{address=mflix-shard-00-02.efevc.mongodb.net:27017, type=REPLICA_SET_SECONDARY, state=CONNECTED, ok=true, version=ServerVersion{versionList=[4, 4, 3]}, minWireVersion=0, maxWireVersion=9, maxDocumentSize=16777216, logicalSessionTimeoutMinutes=30, roundTripTimeNanos=468143456, setName='atlas-bdeeuf-shard-0', canonicalAddress=mflix-shard-00-02.efevc.mongodb.net:27017, hosts=[mflix-shard-00-02.efevc.mongodb.net:27017, mflix-shard-00-00.efevc.mongodb.net:27017, mflix-shard-00-01.efevc.mongodb.net:27017], passives=[], arbiters=[], primary='mflix-shard-00-01.efevc.mongodb.net:27017', tagSet=TagSet{[Tag{name='provider', value='AWS'}, Tag{name='nodeType', value='ELECTABLE'}, Tag{name='workloadType', value='OPERATIONAL'}, Tag{name='region', value='US_EAST_1'}]}, electionId=null, setVersion=1, lastWriteDate=Wed Feb 17 13:31:34 SAST 2021, lastUpdateTimeNanos=23005605647538}
2021-02-17 13:31:35.183  INFO 111302 --- [ngodb.net:27017] org.mongodb.driver.cluster               : Monitor thread successfully connected to server with description ServerDescription{address=mflix-shard-00-01.efevc.mongodb.net:27017, type=REPLICA_SET_PRIMARY, state=CONNECTED, ok=true, version=ServerVersion{versionList=[4, 4, 3]}, minWireVersion=0, maxWireVersion=9, maxDocumentSize=16777216, logicalSessionTimeoutMinutes=30, roundTripTimeNanos=411069999, setName='atlas-bdeeuf-shard-0', canonicalAddress=mflix-shard-00-01.efevc.mongodb.net:27017, hosts=[mflix-shard-00-02.efevc.mongodb.net:27017, mflix-shard-00-00.efevc.mongodb.net:27017, mflix-shard-00-01.efevc.mongodb.net:27017], passives=[], arbiters=[], primary='mflix-shard-00-01.efevc.mongodb.net:27017', tagSet=TagSet{[Tag{name='workloadType', value='OPERATIONAL'}, Tag{name='nodeType', value='ELECTABLE'}, Tag{name='region', value='US_EAST_1'}, Tag{name='provider', value='AWS'}]}, electionId=7fffffff0000000000000004, setVersion=1, lastWriteDate=Wed Feb 17 13:31:34 SAST 2021, lastUpdateTimeNanos=23005605430128}
2021-02-17 13:31:35.190  INFO 111302 --- [ngodb.net:27017] org.mongodb.driver.cluster               : Setting max election id to 7fffffff0000000000000004 from replica set primary mflix-shard-00-01.efevc.mongodb.net:27017
2021-02-17 13:31:35.191  INFO 111302 --- [ngodb.net:27017] org.mongodb.driver.cluster               : Setting max set version to 1 from replica set primary mflix-shard-00-01.efevc.mongodb.net:27017
2021-02-17 13:31:35.191  INFO 111302 --- [ngodb.net:27017] org.mongodb.driver.cluster               : Discovered replica set primary mflix-shard-00-01.efevc.mongodb.net:27017
2021-02-17 13:31:35.326  INFO 111302 --- [ngodb.net:27017] org.mongodb.driver.cluster               : Monitor thread successfully connected to server with description ServerDescription{address=mflix-shard-00-00.efevc.mongodb.net:27017, type=REPLICA_SET_SECONDARY, state=CONNECTED, ok=true, version=ServerVersion{versionList=[4, 4, 3]}, minWireVersion=0, maxWireVersion=9, maxDocumentSize=16777216, logicalSessionTimeoutMinutes=30, roundTripTimeNanos=344704987, setName='atlas-bdeeuf-shard-0', canonicalAddress=mflix-shard-00-00.efevc.mongodb.net:27017, hosts=[mflix-shard-00-02.efevc.mongodb.net:27017, mflix-shard-00-00.efevc.mongodb.net:27017, mflix-shard-00-01.efevc.mongodb.net:27017], passives=[], arbiters=[], primary='mflix-shard-00-01.efevc.mongodb.net:27017', tagSet=TagSet{[Tag{name='provider', value='AWS'}, Tag{name='region', value='US_EAST_1'}, Tag{name='nodeType', value='ELECTABLE'}, Tag{name='workloadType', value='OPERATIONAL'}]}, electionId=null, setVersion=1, lastWriteDate=Wed Feb 17 13:31:34 SAST 2021, lastUpdateTimeNanos=23005749640635}
2021-02-17 13:31:38.865  INFO 111302 --- [           main] org.mongodb.driver.connection            : Opened connection [connectionId{localValue:8, serverValue:990476}] to mflix-shard-00-01.efevc.mongodb.net:27017
]]></system-out>
  </testcase>
  <testcase name="testAllDocumentsUpdateDateIsDateType" classname="mflix.api.daos.MigrationTest" time="11.457">
    <failure message="Should not find documents where `lastupdated` is of `string` type expected:&lt;0&gt; but was:&lt;23530&gt;" type="java.lang.AssertionError"><![CDATA[java.lang.AssertionError: Should not find documents where `lastupdated` is of `string` type expected:<0> but was:<23530>
	at mflix.api.daos.MigrationTest.testAllDocumentsUpdateDateIsDateType(MigrationTest.java:31)
]]></failure>
    <system-out><![CDATA[2021-02-17 13:31:39.369  WARN 111302 --- [           main] org.mongodb.driver.uri                   : Uri option 'wtimeout' has been deprecated, use 'wtimeoutms' instead.
2021-02-17 13:31:39.371  INFO 111302 --- [           main] org.mongodb.driver.cluster               : Cluster created with settings {hosts=[mflix-shard-00-02.efevc.mongodb.net:27017, mflix-shard-00-01.efevc.mongodb.net:27017, mflix-shard-00-00.efevc.mongodb.net:27017], mode=MULTIPLE, requiredClusterType=REPLICA_SET, serverSelectionTimeout='30000 ms', maxWaitQueueSize=250, requiredReplicaSetName='atlas-bdeeuf-shard-0'}
2021-02-17 13:31:39.371  INFO 111302 --- [           main] org.mongodb.driver.cluster               : Adding discovered server mflix-shard-00-02.efevc.mongodb.net:27017 to client view of cluster
2021-02-17 13:31:39.372  INFO 111302 --- [           main] org.mongodb.driver.cluster               : Adding discovered server mflix-shard-00-01.efevc.mongodb.net:27017 to client view of cluster
2021-02-17 13:31:39.373  INFO 111302 --- [           main] org.mongodb.driver.cluster               : Adding discovered server mflix-shard-00-00.efevc.mongodb.net:27017 to client view of cluster
2021-02-17 13:31:39.374  INFO 111302 --- [           main] org.mongodb.driver.cluster               : No server chosen by com.mongodb.client.internal.MongoClientDelegate$1@2dba05b1 from cluster description ClusterDescription{type=REPLICA_SET, connectionMode=MULTIPLE, serverDescriptions=[ServerDescription{address=mflix-shard-00-02.efevc.mongodb.net:27017, type=UNKNOWN, state=CONNECTING}, ServerDescription{address=mflix-shard-00-00.efevc.mongodb.net:27017, type=UNKNOWN, state=CONNECTING}, ServerDescription{address=mflix-shard-00-01.efevc.mongodb.net:27017, type=UNKNOWN, state=CONNECTING}]}. Waiting for 30000 ms before timing out
2021-02-17 13:31:39.872  INFO 111302 --- [ngodb.net:27017] org.mongodb.driver.cluster               : Monitor thread successfully connected to server with description ServerDescription{address=mflix-shard-00-01.efevc.mongodb.net:27017, type=REPLICA_SET_PRIMARY, state=CONNECTED, ok=true, version=ServerVersion{versionList=[4, 4, 3]}, minWireVersion=0, maxWireVersion=9, maxDocumentSize=16777216, logicalSessionTimeoutMinutes=30, roundTripTimeNanos=756242499, setName='atlas-bdeeuf-shard-0', canonicalAddress=mflix-shard-00-01.efevc.mongodb.net:27017, hosts=[mflix-shard-00-02.efevc.mongodb.net:27017, mflix-shard-00-00.efevc.mongodb.net:27017, mflix-shard-00-01.efevc.mongodb.net:27017], passives=[], arbiters=[], primary='mflix-shard-00-01.efevc.mongodb.net:27017', tagSet=TagSet{[Tag{name='workloadType', value='OPERATIONAL'}, Tag{name='region', value='US_EAST_1'}, Tag{name='provider', value='AWS'}, Tag{name='nodeType', value='ELECTABLE'}]}, electionId=7fffffff0000000000000004, setVersion=1, lastWriteDate=Wed Feb 17 13:31:39 SAST 2021, lastUpdateTimeNanos=23010295382684}
2021-02-17 13:31:39.902  INFO 111302 --- [ngodb.net:27017] org.mongodb.driver.cluster               : Monitor thread successfully connected to server with description ServerDescription{address=mflix-shard-00-02.efevc.mongodb.net:27017, type=REPLICA_SET_SECONDARY, state=CONNECTED, ok=true, version=ServerVersion{versionList=[4, 4, 3]}, minWireVersion=0, maxWireVersion=9, maxDocumentSize=16777216, logicalSessionTimeoutMinutes=30, roundTripTimeNanos=781795477, setName='atlas-bdeeuf-shard-0', canonicalAddress=mflix-shard-00-02.efevc.mongodb.net:27017, hosts=[mflix-shard-00-02.efevc.mongodb.net:27017, mflix-shard-00-00.efevc.mongodb.net:27017, mflix-shard-00-01.efevc.mongodb.net:27017], passives=[], arbiters=[], primary='mflix-shard-00-01.efevc.mongodb.net:27017', tagSet=TagSet{[Tag{name='provider', value='AWS'}, Tag{name='nodeType', value='ELECTABLE'}, Tag{name='region', value='US_EAST_1'}, Tag{name='workloadType', value='OPERATIONAL'}]}, electionId=null, setVersion=1, lastWriteDate=Wed Feb 17 13:31:39 SAST 2021, lastUpdateTimeNanos=23010325331512}
2021-02-17 13:31:42.701  INFO 111302 --- [ngodb.net:27017] org.mongodb.driver.connection            : Opened connection [connectionId{localValue:9, serverValue:934817}] to mflix-shard-00-02.efevc.mongodb.net:27017
2021-02-17 13:31:42.747  INFO 111302 --- [ngodb.net:27017] org.mongodb.driver.connection            : Opened connection [connectionId{localValue:11, serverValue:933168}] to mflix-shard-00-00.efevc.mongodb.net:27017
2021-02-17 13:31:42.747  INFO 111302 --- [ngodb.net:27017] org.mongodb.driver.connection            : Opened connection [connectionId{localValue:10, serverValue:990478}] to mflix-shard-00-01.efevc.mongodb.net:27017
2021-02-17 13:31:43.462  INFO 111302 --- [ngodb.net:27017] org.mongodb.driver.cluster               : Monitor thread successfully connected to server with description ServerDescription{address=mflix-shard-00-02.efevc.mongodb.net:27017, type=REPLICA_SET_SECONDARY, state=CONNECTED, ok=true, version=ServerVersion{versionList=[4, 4, 3]}, minWireVersion=0, maxWireVersion=9, maxDocumentSize=16777216, logicalSessionTimeoutMinutes=30, roundTripTimeNanos=759685127, setName='atlas-bdeeuf-shard-0', canonicalAddress=mflix-shard-00-02.efevc.mongodb.net:27017, hosts=[mflix-shard-00-02.efevc.mongodb.net:27017, mflix-shard-00-00.efevc.mongodb.net:27017, mflix-shard-00-01.efevc.mongodb.net:27017], passives=[], arbiters=[], primary='mflix-shard-00-01.efevc.mongodb.net:27017', tagSet=TagSet{[Tag{name='nodeType', value='ELECTABLE'}, Tag{name='region', value='US_EAST_1'}, Tag{name='workloadType', value='OPERATIONAL'}, Tag{name='provider', value='AWS'}]}, electionId=null, setVersion=1, lastWriteDate=Wed Feb 17 13:31:42 SAST 2021, lastUpdateTimeNanos=23013884688148}
2021-02-17 13:31:43.464  INFO 111302 --- [           main] org.mongodb.driver.cluster               : No server chosen by ReadPreferenceServerSelector{readPreference=primary} from cluster description ClusterDescription{type=REPLICA_SET, connectionMode=MULTIPLE, serverDescriptions=[ServerDescription{address=mflix-shard-00-02.efevc.mongodb.net:27017, type=REPLICA_SET_SECONDARY, state=CONNECTED, ok=true, version=ServerVersion{versionList=[4, 4, 3]}, minWireVersion=0, maxWireVersion=9, maxDocumentSize=16777216, logicalSessionTimeoutMinutes=30, roundTripTimeNanos=759685127, setName='atlas-bdeeuf-shard-0', canonicalAddress=mflix-shard-00-02.efevc.mongodb.net:27017, hosts=[mflix-shard-00-02.efevc.mongodb.net:27017, mflix-shard-00-00.efevc.mongodb.net:27017, mflix-shard-00-01.efevc.mongodb.net:27017], passives=[], arbiters=[], primary='mflix-shard-00-01.efevc.mongodb.net:27017', tagSet=TagSet{[Tag{name='nodeType', value='ELECTABLE'}, Tag{name='region', value='US_EAST_1'}, Tag{name='workloadType', value='OPERATIONAL'}, Tag{name='provider', value='AWS'}]}, electionId=null, setVersion=1, lastWriteDate=Wed Feb 17 13:31:42 SAST 2021, lastUpdateTimeNanos=23013884688148}, ServerDescription{address=mflix-shard-00-00.efevc.mongodb.net:27017, type=UNKNOWN, state=CONNECTING}, ServerDescription{address=mflix-shard-00-01.efevc.mongodb.net:27017, type=UNKNOWN, state=CONNECTING}]}. Waiting for 30000 ms before timing out
2021-02-17 13:31:43.509  INFO 111302 --- [ngodb.net:27017] org.mongodb.driver.cluster               : Monitor thread successfully connected to server with description ServerDescription{address=mflix-shard-00-00.efevc.mongodb.net:27017, type=REPLICA_SET_SECONDARY, state=CONNECTED, ok=true, version=ServerVersion{versionList=[4, 4, 3]}, minWireVersion=0, maxWireVersion=9, maxDocumentSize=16777216, logicalSessionTimeoutMinutes=30, roundTripTimeNanos=760882686, setName='atlas-bdeeuf-shard-0', canonicalAddress=mflix-shard-00-00.efevc.mongodb.net:27017, hosts=[mflix-shard-00-02.efevc.mongodb.net:27017, mflix-shard-00-00.efevc.mongodb.net:27017, mflix-shard-00-01.efevc.mongodb.net:27017], passives=[], arbiters=[], primary='mflix-shard-00-01.efevc.mongodb.net:27017', tagSet=TagSet{[Tag{name='provider', value='AWS'}, Tag{name='region', value='US_EAST_1'}, Tag{name='workloadType', value='OPERATIONAL'}, Tag{name='nodeType', value='ELECTABLE'}]}, electionId=null, setVersion=1, lastWriteDate=Wed Feb 17 13:31:43 SAST 2021, lastUpdateTimeNanos=23013931893999}
2021-02-17 13:31:43.511  INFO 111302 --- [ngodb.net:27017] org.mongodb.driver.cluster               : Monitor thread successfully connected to server with description ServerDescription{address=mflix-shard-00-01.efevc.mongodb.net:27017, type=REPLICA_SET_PRIMARY, state=CONNECTED, ok=true, version=ServerVersion{versionList=[4, 4, 3]}, minWireVersion=0, maxWireVersion=9, maxDocumentSize=16777216, logicalSessionTimeoutMinutes=30, roundTripTimeNanos=763078444, setName='atlas-bdeeuf-shard-0', canonicalAddress=mflix-shard-00-01.efevc.mongodb.net:27017, hosts=[mflix-shard-00-02.efevc.mongodb.net:27017, mflix-shard-00-00.efevc.mongodb.net:27017, mflix-shard-00-01.efevc.mongodb.net:27017], passives=[], arbiters=[], primary='mflix-shard-00-01.efevc.mongodb.net:27017', tagSet=TagSet{[Tag{name='workloadType', value='OPERATIONAL'}, Tag{name='region', value='US_EAST_1'}, Tag{name='provider', value='AWS'}, Tag{name='nodeType', value='ELECTABLE'}]}, electionId=7fffffff0000000000000004, setVersion=1, lastWriteDate=Wed Feb 17 13:31:43 SAST 2021, lastUpdateTimeNanos=23013934140755}
2021-02-17 13:31:43.512  INFO 111302 --- [ngodb.net:27017] org.mongodb.driver.cluster               : Setting max election id to 7fffffff0000000000000004 from replica set primary mflix-shard-00-01.efevc.mongodb.net:27017
2021-02-17 13:31:43.512  INFO 111302 --- [ngodb.net:27017] org.mongodb.driver.cluster               : Setting max set version to 1 from replica set primary mflix-shard-00-01.efevc.mongodb.net:27017
2021-02-17 13:31:43.513  INFO 111302 --- [ngodb.net:27017] org.mongodb.driver.cluster               : Discovered replica set primary mflix-shard-00-01.efevc.mongodb.net:27017
2021-02-17 13:31:46.075  INFO 111302 --- [ngodb.net:27017] org.mongodb.driver.cluster               : Monitor thread successfully connected to server with description ServerDescription{address=mflix-shard-00-02.efevc.mongodb.net:27017, type=REPLICA_SET_SECONDARY, state=CONNECTED, ok=true, version=ServerVersion{versionList=[4, 4, 3]}, minWireVersion=0, maxWireVersion=9, maxDocumentSize=16777216, logicalSessionTimeoutMinutes=30, roundTripTimeNanos=552551697, setName='atlas-bdeeuf-shard-0', canonicalAddress=mflix-shard-00-02.efevc.mongodb.net:27017, hosts=[mflix-shard-00-02.efevc.mongodb.net:27017, mflix-shard-00-00.efevc.mongodb.net:27017, mflix-shard-00-01.efevc.mongodb.net:27017], passives=[], arbiters=[], primary='mflix-shard-00-01.efevc.mongodb.net:27017', tagSet=TagSet{[Tag{name='nodeType', value='ELECTABLE'}, Tag{name='region', value='US_EAST_1'}, Tag{name='workloadType', value='OPERATIONAL'}, Tag{name='provider', value='AWS'}]}, electionId=null, setVersion=1, lastWriteDate=Wed Feb 17 13:31:45 SAST 2021, lastUpdateTimeNanos=23016497786468}
2021-02-17 13:31:46.075  INFO 111302 --- [ngodb.net:27017] org.mongodb.driver.cluster               : Monitor thread successfully connected to server with description ServerDescription{address=mflix-shard-00-01.efevc.mongodb.net:27017, type=REPLICA_SET_PRIMARY, state=CONNECTED, ok=true, version=ServerVersion{versionList=[4, 4, 3]}, minWireVersion=0, maxWireVersion=9, maxDocumentSize=16777216, logicalSessionTimeoutMinutes=30, roundTripTimeNanos=505446238, setName='atlas-bdeeuf-shard-0', canonicalAddress=mflix-shard-00-01.efevc.mongodb.net:27017, hosts=[mflix-shard-00-02.efevc.mongodb.net:27017, mflix-shard-00-00.efevc.mongodb.net:27017, mflix-shard-00-01.efevc.mongodb.net:27017], passives=[], arbiters=[], primary='mflix-shard-00-01.efevc.mongodb.net:27017', tagSet=TagSet{[Tag{name='provider', value='AWS'}, Tag{name='region', value='US_EAST_1'}, Tag{name='workloadType', value='OPERATIONAL'}, Tag{name='nodeType', value='ELECTABLE'}]}, electionId=7fffffff0000000000000004, setVersion=1, lastWriteDate=Wed Feb 17 13:31:45 SAST 2021, lastUpdateTimeNanos=23016497818730}
2021-02-17 13:31:49.896  INFO 111302 --- [           main] org.mongodb.driver.connection            : Opened connection [connectionId{localValue:12, serverValue:990324}] to mflix-shard-00-01.efevc.mongodb.net:27017
2021-02-17 13:31:50.692  INFO 111302 --- [ngodb.net:27017] org.mongodb.driver.cluster               : Monitor thread successfully connected to server with description ServerDescription{address=mflix-shard-00-01.efevc.mongodb.net:27017, type=REPLICA_SET_PRIMARY, state=CONNECTED, ok=true, version=ServerVersion{versionList=[4, 4, 3]}, minWireVersion=0, maxWireVersion=9, maxDocumentSize=16777216, logicalSessionTimeoutMinutes=30, roundTripTimeNanos=768671225, setName='atlas-bdeeuf-shard-0', canonicalAddress=mflix-shard-00-01.efevc.mongodb.net:27017, hosts=[mflix-shard-00-02.efevc.mongodb.net:27017, mflix-shard-00-00.efevc.mongodb.net:27017, mflix-shard-00-01.efevc.mongodb.net:27017], passives=[], arbiters=[], primary='mflix-shard-00-01.efevc.mongodb.net:27017', tagSet=TagSet{[Tag{name='region', value='US_EAST_1'}, Tag{name='nodeType', value='ELECTABLE'}, Tag{name='workloadType', value='OPERATIONAL'}, Tag{name='provider', value='AWS'}]}, electionId=7fffffff0000000000000004, setVersion=1, lastWriteDate=Wed Feb 17 13:31:50 SAST 2021, lastUpdateTimeNanos=23021115448564}
2021-02-17 13:31:50.692  INFO 111302 --- [ngodb.net:27017] org.mongodb.driver.cluster               : Monitor thread successfully connected to server with description ServerDescription{address=mflix-shard-00-00.efevc.mongodb.net:27017, type=REPLICA_SET_SECONDARY, state=CONNECTED, ok=true, version=ServerVersion{versionList=[4, 4, 3]}, minWireVersion=0, maxWireVersion=9, maxDocumentSize=16777216, logicalSessionTimeoutMinutes=30, roundTripTimeNanos=783851637, setName='atlas-bdeeuf-shard-0', canonicalAddress=mflix-shard-00-00.efevc.mongodb.net:27017, hosts=[mflix-shard-00-02.efevc.mongodb.net:27017, mflix-shard-00-00.efevc.mongodb.net:27017, mflix-shard-00-01.efevc.mongodb.net:27017], passives=[], arbiters=[], primary='mflix-shard-00-01.efevc.mongodb.net:27017', tagSet=TagSet{[Tag{name='region', value='US_EAST_1'}, Tag{name='provider', value='AWS'}, Tag{name='workloadType', value='OPERATIONAL'}, Tag{name='nodeType', value='ELECTABLE'}]}, electionId=null, setVersion=1, lastWriteDate=Wed Feb 17 13:31:50 SAST 2021, lastUpdateTimeNanos=23021115332456}
2021-02-17 13:31:50.787  INFO 111302 --- [ngodb.net:27017] org.mongodb.driver.cluster               : Monitor thread successfully connected to server with description ServerDescription{address=mflix-shard-00-02.efevc.mongodb.net:27017, type=REPLICA_SET_SECONDARY, state=CONNECTED, ok=true, version=ServerVersion{versionList=[4, 4, 3]}, minWireVersion=0, maxWireVersion=9, maxDocumentSize=16777216, logicalSessionTimeoutMinutes=30, roundTripTimeNanos=802180834, setName='atlas-bdeeuf-shard-0', canonicalAddress=mflix-shard-00-02.efevc.mongodb.net:27017, hosts=[mflix-shard-00-02.efevc.mongodb.net:27017, mflix-shard-00-00.efevc.mongodb.net:27017, mflix-shard-00-01.efevc.mongodb.net:27017], passives=[], arbiters=[], primary='mflix-shard-00-01.efevc.mongodb.net:27017', tagSet=TagSet{[Tag{name='workloadType', value='OPERATIONAL'}, Tag{name='region', value='US_EAST_1'}, Tag{name='nodeType', value='ELECTABLE'}, Tag{name='provider', value='AWS'}]}, electionId=null, setVersion=1, lastWriteDate=Wed Feb 17 13:31:50 SAST 2021, lastUpdateTimeNanos=23021210284924}
]]></system-out>
  </testcase>
</testsuite>