<?xml version="1.0" encoding="UTF-8"?>
<testsuite xmlns:xsi="http://www.w3.org/2001/XMLSchema-instance" xsi:noNamespaceSchemaLocation="https://maven.apache.org/surefire/maven-surefire-plugin/xsd/surefire-test-report.xsd" name="mflix.api.daos.ConnectionTest" time="13.025" tests="3" errors="1" skipped="0" failures="0">
  <properties>
[...]
</properties>
  <testcase name="testMoviesCount" classname="mflix.api.daos.ConnectionTest" time="0.758"/>
  <testcase name="testConnectionFindsCollections" classname="mflix.api.daos.ConnectionTest" time="7.526"/>
  <testcase name="testConnectionFindsDatabase" classname="mflix.api.daos.ConnectionTest" time="4.714">
    <error message="Command failed with error 8000 (AtlasError): &apos;user is not allowed to do action [listDatabases] on [admin.]&apos; on server mflix-shard-00-01.efevc.mongodb.net:27017. The full response is { &quot;ok&quot; : 0, &quot;errmsg&quot; : &quot;user is not allowed to do action [listDatabases] on [admin.]&quot;, &quot;code&quot; : 8000, &quot;codeName&quot; : &quot;AtlasError&quot; }" type="com.mongodb.MongoCommandException">com.mongodb.MongoCommandException: Command failed with error 8000 (AtlasError): 'user is not allowed to do action [listDatabases] on [admin.]' on server mflix-shard-00-01.efevc.mongodb.net:27017. The full response is { "ok" : 0, "errmsg" : "user is not allowed to do action [listDatabases] on [admin.]", "code" : 8000, "codeName" : "AtlasError" }
	at mflix.api.daos.ConnectionTest.testConnectionFindsDatabase(ConnectionTest.java:52)
</error>
    <system-out><![CDATA[2021-02-17 13:32:23.221  WARN 111302 --- [           main] org.mongodb.driver.uri                   : Uri option 'wtimeout' has been deprecated, use 'wtimeoutms' instead.
2021-02-17 13:32:23.223  INFO 111302 --- [           main] org.mongodb.driver.cluster               : Cluster created with settings {hosts=[mflix-shard-00-02.efevc.mongodb.net:27017, mflix-shard-00-01.efevc.mongodb.net:27017, mflix-shard-00-00.efevc.mongodb.net:27017], mode=MULTIPLE, requiredClusterType=REPLICA_SET, serverSelectionTimeout='30000 ms', maxWaitQueueSize=250, requiredReplicaSetName='atlas-bdeeuf-shard-0'}
2021-02-17 13:32:23.223  INFO 111302 --- [           main] org.mongodb.driver.cluster               : Adding discovered server mflix-shard-00-02.efevc.mongodb.net:27017 to client view of cluster
2021-02-17 13:32:23.224  INFO 111302 --- [           main] org.mongodb.driver.cluster               : Adding discovered server mflix-shard-00-01.efevc.mongodb.net:27017 to client view of cluster
2021-02-17 13:32:23.225  INFO 111302 --- [           main] org.mongodb.driver.cluster               : Adding discovered server mflix-shard-00-00.efevc.mongodb.net:27017 to client view of cluster
2021-02-17 13:32:23.235  INFO 111302 --- [           main] org.mongodb.driver.cluster               : No server chosen by com.mongodb.client.internal.MongoClientDelegate$1@611d0763 from cluster description ClusterDescription{type=REPLICA_SET, connectionMode=MULTIPLE, serverDescriptions=[ServerDescription{address=mflix-shard-00-02.efevc.mongodb.net:27017, type=UNKNOWN, state=CONNECTING}, ServerDescription{address=mflix-shard-00-00.efevc.mongodb.net:27017, type=UNKNOWN, state=CONNECTING}, ServerDescription{address=mflix-shard-00-01.efevc.mongodb.net:27017, type=UNKNOWN, state=CONNECTING}]}. Waiting for 30000 ms before timing out
2021-02-17 13:32:24.732  INFO 111302 --- [ngodb.net:27017] org.mongodb.driver.connection            : Opened connection [connectionId{localValue:18, serverValue:933205}] to mflix-shard-00-00.efevc.mongodb.net:27017
2021-02-17 13:32:24.732  INFO 111302 --- [ngodb.net:27017] org.mongodb.driver.connection            : Opened connection [connectionId{localValue:17, serverValue:990500}] to mflix-shard-00-01.efevc.mongodb.net:27017
2021-02-17 13:32:24.943  INFO 111302 --- [ngodb.net:27017] org.mongodb.driver.connection            : Opened connection [connectionId{localValue:19, serverValue:934855}] to mflix-shard-00-02.efevc.mongodb.net:27017
2021-02-17 13:32:25.058  INFO 111302 --- [ngodb.net:27017] org.mongodb.driver.cluster               : Monitor thread successfully connected to server with description ServerDescription{address=mflix-shard-00-01.efevc.mongodb.net:27017, type=REPLICA_SET_PRIMARY, state=CONNECTED, ok=true, version=ServerVersion{versionList=[4, 4, 3]}, minWireVersion=0, maxWireVersion=9, maxDocumentSize=16777216, logicalSessionTimeoutMinutes=30, roundTripTimeNanos=324453313, setName='atlas-bdeeuf-shard-0', canonicalAddress=mflix-shard-00-01.efevc.mongodb.net:27017, hosts=[mflix-shard-00-02.efevc.mongodb.net:27017, mflix-shard-00-00.efevc.mongodb.net:27017, mflix-shard-00-01.efevc.mongodb.net:27017], passives=[], arbiters=[], primary='mflix-shard-00-01.efevc.mongodb.net:27017', tagSet=TagSet{[Tag{name='provider', value='AWS'}, Tag{name='region', value='US_EAST_1'}, Tag{name='workloadType', value='OPERATIONAL'}, Tag{name='nodeType', value='ELECTABLE'}]}, electionId=7fffffff0000000000000004, setVersion=1, lastWriteDate=Wed Feb 17 13:32:24 SAST 2021, lastUpdateTimeNanos=23055481647097}
2021-02-17 13:32:25.058  INFO 111302 --- [ngodb.net:27017] org.mongodb.driver.cluster               : Monitor thread successfully connected to server with description ServerDescription{address=mflix-shard-00-00.efevc.mongodb.net:27017, type=REPLICA_SET_SECONDARY, state=CONNECTED, ok=true, version=ServerVersion{versionList=[4, 4, 3]}, minWireVersion=0, maxWireVersion=9, maxDocumentSize=16777216, logicalSessionTimeoutMinutes=30, roundTripTimeNanos=325508337, setName='atlas-bdeeuf-shard-0', canonicalAddress=mflix-shard-00-00.efevc.mongodb.net:27017, hosts=[mflix-shard-00-02.efevc.mongodb.net:27017, mflix-shard-00-00.efevc.mongodb.net:27017, mflix-shard-00-01.efevc.mongodb.net:27017], passives=[], arbiters=[], primary='mflix-shard-00-01.efevc.mongodb.net:27017', tagSet=TagSet{[Tag{name='region', value='US_EAST_1'}, Tag{name='nodeType', value='ELECTABLE'}, Tag{name='workloadType', value='OPERATIONAL'}, Tag{name='provider', value='AWS'}]}, electionId=null, setVersion=1, lastWriteDate=Wed Feb 17 13:32:24 SAST 2021, lastUpdateTimeNanos=23055481625207}
2021-02-17 13:32:25.059  INFO 111302 --- [ngodb.net:27017] org.mongodb.driver.cluster               : Setting max election id to 7fffffff0000000000000004 from replica set primary mflix-shard-00-01.efevc.mongodb.net:27017
2021-02-17 13:32:25.059  INFO 111302 --- [ngodb.net:27017] org.mongodb.driver.cluster               : Setting max set version to 1 from replica set primary mflix-shard-00-01.efevc.mongodb.net:27017
2021-02-17 13:32:25.059  INFO 111302 --- [ngodb.net:27017] org.mongodb.driver.cluster               : Discovered replica set primary mflix-shard-00-01.efevc.mongodb.net:27017
2021-02-17 13:32:25.229  INFO 111302 --- [ngodb.net:27017] org.mongodb.driver.cluster               : Monitor thread successfully connected to server with description ServerDescription{address=mflix-shard-00-02.efevc.mongodb.net:27017, type=REPLICA_SET_SECONDARY, state=CONNECTED, ok=true, version=ServerVersion{versionList=[4, 4, 3]}, minWireVersion=0, maxWireVersion=9, maxDocumentSize=16777216, logicalSessionTimeoutMinutes=30, roundTripTimeNanos=285368398, setName='atlas-bdeeuf-shard-0', canonicalAddress=mflix-shard-00-02.efevc.mongodb.net:27017, hosts=[mflix-shard-00-02.efevc.mongodb.net:27017, mflix-shard-00-00.efevc.mongodb.net:27017, mflix-shard-00-01.efevc.mongodb.net:27017], passives=[], arbiters=[], primary='mflix-shard-00-01.efevc.mongodb.net:27017', tagSet=TagSet{[Tag{name='provider', value='AWS'}, Tag{name='workloadType', value='OPERATIONAL'}, Tag{name='region', value='US_EAST_1'}, Tag{name='nodeType', value='ELECTABLE'}]}, electionId=null, setVersion=1, lastWriteDate=Wed Feb 17 13:32:25 SAST 2021, lastUpdateTimeNanos=23055652591241}
2021-02-17 13:32:26.116  INFO 111302 --- [ngodb.net:27017] org.mongodb.driver.cluster               : Monitor thread successfully connected to server with description ServerDescription{address=mflix-shard-00-01.efevc.mongodb.net:27017, type=REPLICA_SET_PRIMARY, state=CONNECTED, ok=true, version=ServerVersion{versionList=[4, 4, 3]}, minWireVersion=0, maxWireVersion=9, maxDocumentSize=16777216, logicalSessionTimeoutMinutes=30, roundTripTimeNanos=669137189, setName='atlas-bdeeuf-shard-0', canonicalAddress=mflix-shard-00-01.efevc.mongodb.net:27017, hosts=[mflix-shard-00-02.efevc.mongodb.net:27017, mflix-shard-00-00.efevc.mongodb.net:27017, mflix-shard-00-01.efevc.mongodb.net:27017], passives=[], arbiters=[], primary='mflix-shard-00-01.efevc.mongodb.net:27017', tagSet=TagSet{[Tag{name='region', value='US_EAST_1'}, Tag{name='provider', value='AWS'}, Tag{name='workloadType', value='OPERATIONAL'}, Tag{name='nodeType', value='ELECTABLE'}]}, electionId=7fffffff0000000000000004, setVersion=1, lastWriteDate=Wed Feb 17 13:32:25 SAST 2021, lastUpdateTimeNanos=23056538536837}
2021-02-17 13:32:27.241  INFO 111302 --- [ngodb.net:27017] org.mongodb.driver.cluster               : Monitor thread successfully connected to server with description ServerDescription{address=mflix-shard-00-00.efevc.mongodb.net:27017, type=REPLICA_SET_SECONDARY, state=CONNECTED, ok=true, version=ServerVersion{versionList=[4, 4, 3]}, minWireVersion=0, maxWireVersion=9, maxDocumentSize=16777216, logicalSessionTimeoutMinutes=30, roundTripTimeNanos=652128856, setName='atlas-bdeeuf-shard-0', canonicalAddress=mflix-shard-00-00.efevc.mongodb.net:27017, hosts=[mflix-shard-00-02.efevc.mongodb.net:27017, mflix-shard-00-00.efevc.mongodb.net:27017, mflix-shard-00-01.efevc.mongodb.net:27017], passives=[], arbiters=[], primary='mflix-shard-00-01.efevc.mongodb.net:27017', tagSet=TagSet{[Tag{name='workloadType', value='OPERATIONAL'}, Tag{name='nodeType', value='ELECTABLE'}, Tag{name='provider', value='AWS'}, Tag{name='region', value='US_EAST_1'}]}, electionId=null, setVersion=1, lastWriteDate=Wed Feb 17 13:32:27 SAST 2021, lastUpdateTimeNanos=23057664520639}
2021-02-17 13:32:27.294  INFO 111302 --- [ngodb.net:27017] org.mongodb.driver.cluster               : Monitor thread successfully connected to server with description ServerDescription{address=mflix-shard-00-02.efevc.mongodb.net:27017, type=REPLICA_SET_SECONDARY, state=CONNECTED, ok=true, version=ServerVersion{versionList=[4, 4, 3]}, minWireVersion=0, maxWireVersion=9, maxDocumentSize=16777216, logicalSessionTimeoutMinutes=30, roundTripTimeNanos=666046549, setName='atlas-bdeeuf-shard-0', canonicalAddress=mflix-shard-00-02.efevc.mongodb.net:27017, hosts=[mflix-shard-00-02.efevc.mongodb.net:27017, mflix-shard-00-00.efevc.mongodb.net:27017, mflix-shard-00-01.efevc.mongodb.net:27017], passives=[], arbiters=[], primary='mflix-shard-00-01.efevc.mongodb.net:27017', tagSet=TagSet{[Tag{name='nodeType', value='ELECTABLE'}, Tag{name='workloadType', value='OPERATIONAL'}, Tag{name='region', value='US_EAST_1'}, Tag{name='provider', value='AWS'}]}, electionId=null, setVersion=1, lastWriteDate=Wed Feb 17 13:32:27 SAST 2021, lastUpdateTimeNanos=23057717620689}
2021-02-17 13:32:27.606  INFO 111302 --- [           main] org.mongodb.driver.connection            : Opened connection [connectionId{localValue:20, serverValue:990507}] to mflix-shard-00-01.efevc.mongodb.net:27017
]]></system-out>
  </testcase>
</testsuite>